[2025-09-24 15:02:43] 开始初始化FamilyGuard OS v2.0项目环境...
[2025-09-24 15:02:43] OpenWrt版本：24.10
[2025-09-24 15:02:43] OpenWrt目录：/home/sxy/OpenWrt
[2025-09-24 15:02:43] 检查必要的命令...
[2025-09-24 15:02:43] 警告：命令 perl-5 未找到，将在后续步骤中安装。
[2025-09-24 15:02:43] 警告：命令 ncurses-dev 未找到，将在后续步骤中安装。
[2025-09-24 15:02:43] 警告：命令 zlib1g-dev 未找到，将在后续步骤中安装。
[2025-09-24 15:02:44] 警告：命令 subversion 未找到，将在后续步骤中安装。
[2025-09-24 15:02:44] 警告：命令 libssl-dev 未找到，将在后续步骤中安装。
[2025-09-24 15:02:44] 安装必要的系统依赖包...
[2025-09-24 16:16:54] 开始初始化FamilyGuard OS v2.0项目环境...
[2025-09-24 16:16:54] OpenWrt版本：24.10
[2025-09-24 16:16:54] OpenWrt目录：/home/sxy/OpenWrt
[2025-09-24 16:16:54] 检查必要的命令...
[2025-09-24 16:16:54] 警告：命令 perl-5 未找到，将在后续步骤中安装。
[2025-09-24 16:16:55] 警告：命令 ncurses-dev 未找到，将在后续步骤中安装。
[2025-09-24 16:16:55] 警告：命令 zlib1g-dev 未找到，将在后续步骤中安装。
[2025-09-24 16:16:55] 警告：命令 subversion 未找到，将在后续步骤中安装。
[2025-09-24 16:16:56] 警告：命令 libssl-dev 未找到，将在后续步骤中安装。
[2025-09-24 16:16:56] 安装必要的系统依赖包...
[2025-09-24 16:17:15] 错误：依赖包安装失败
[2025-09-24 16:17:15] 脚本执行失败，请查看日志文件获取详细信息：/home/sxy/OpenWrt/init_project.log
[2025-09-24 16:18:16] 开始初始化FamilyGuard OS v2.0项目环境...
[2025-09-24 16:18:16] OpenWrt版本：24.10
[2025-09-24 16:18:16] OpenWrt目录：/home/sxy/OpenWrt
[2025-09-24 16:18:16] 检查必要的命令...
[2025-09-24 16:18:16] 警告：命令 ncurses 未找到，将在后续步骤中安装。
[2025-09-24 16:18:17] 警告：命令 zlib1g-dev 未找到，将在后续步骤中安装。
[2025-09-24 16:18:17] 警告：命令 subversion 未找到，将在后续步骤中安装。
[2025-09-24 16:18:17] 警告：命令 libssl-dev 未找到，将在后续步骤中安装。
[2025-09-24 16:18:17] 安装必要的系统依赖包...
[2025-09-24 16:18:47] 依赖包安装成功！
[2025-09-24 16:18:47] 克隆OpenWrt源码...
[2025-09-24 16:18:47] 错误：OpenWrt源码克隆失败
[2025-09-24 16:18:47] 脚本执行失败，请查看日志文件获取详细信息：/home/sxy/OpenWrt/init_project.log
